[dotenv@17.2.3] injecting env (8) from .env -- tip: 📡 add observability to secrets: https://dotenvx.com/ops
Stripe backend running on http://localhost:4242
Stripe error: StripeInvalidRequestError: No such price: 'price_premium_monthly_xxx'
    at generateV1Error (/Users/thomasboutet/real-estate-ai/backend/node_modules/stripe/cjs/Error.js:11:20)
    at res.toJSON.then.Error_js_1.StripeAPIError.message (/Users/thomasboutet/real-estate-ai/backend/node_modules/stripe/cjs/RequestSender.js:114:62)
    at process.processTicksAndRejections (node:internal/process/task_queues:105:5) {
  type: 'StripeInvalidRequestError',
  raw: {
    code: 'resource_missing',
    doc_url: 'https://stripe.com/docs/error-codes/resource-missing',
    message: "No such price: 'price_premium_monthly_xxx'",
    param: 'line_items[0][price]',
    request_log_url: 'https://dashboard.stripe.com/test/logs/req_7JIwMlI40YEWVn?t=1764692346',
    type: 'invalid_request_error',
    headers: {
      server: 'nginx',
      date: 'Tue, 02 Dec 2025 16:19:06 GMT',
      'content-type': 'application/json',
      'content-length': '355',
      connection: 'keep-alive',
      'access-control-allow-credentials': 'true',
      'access-control-allow-methods': 'GET, HEAD, PUT, PATCH, POST, DELETE',
      'access-control-allow-origin': '*',
      'access-control-expose-headers': 'Request-Id, Stripe-Manage-Version, Stripe-Should-Retry, X-Stripe-External-Auth-Required, X-Stripe-Privileged-Session-Required',
      'access-control-max-age': '300',
      'cache-control': 'no-cache, no-store',
      'content-security-policy': "base-uri 'none'; default-src 'none'; form-action 'none'; frame-ancestors 'none'; img-src 'self'; script-src 'self' 'report-sample'; style-src 'self'; worker-src 'none'; upgrade-insecure-requests; report-uri https://q.stripe.com/csp-violation?q=OHtJNDoOzDEIHstzSg15-YlfUK6PUI-YrC2JbUqb8nJXEBvt8S5e_r_8HZo6A313jlLQA89tAcnuWUHs",
      'idempotency-key': 'stripe-node-retry-9140e631-c9bb-4514-af44-fcffa167b324',
      'original-request': 'req_7JIwMlI40YEWVn',
      'request-id': 'req_7JIwMlI40YEWVn',
      'stripe-version': '2024-06-20',
      vary: 'Origin',
      'x-stripe-priority-routing-enabled': 'true',
      'x-stripe-routing-context-priority-tier': 'api-testmode',
      'x-wc': 'ABGHIJ',
      'strict-transport-security': 'max-age=63072000; includeSubDomains; preload'
    },
    statusCode: 400,
    requestId: 'req_7JIwMlI40YEWVn'
  },
  rawType: 'invalid_request_error',
  code: 'resource_missing',
  doc_url: 'https://stripe.com/docs/error-codes/resource-missing',
  param: 'line_items[0][price]',
  detail: undefined,
  headers: {
    server: 'nginx',
    date: 'Tue, 02 Dec 2025 16:19:06 GMT',
    'content-type': 'application/json',
    'content-length': '355',
    connection: 'keep-alive',
    'access-control-allow-credentials': 'true',
    'access-control-allow-methods': 'GET, HEAD, PUT, PATCH, POST, DELETE',
    'access-control-allow-origin': '*',
    'access-control-expose-headers': 'Request-Id, Stripe-Manage-Version, Stripe-Should-Retry, X-Stripe-External-Auth-Required, X-Stripe-Privileged-Session-Required',
    'access-control-max-age': '300',
    'cache-control': 'no-cache, no-store',
    'content-security-policy': "base-uri 'none'; default-src 'none'; form-action 'none'; frame-ancestors 'none'; img-src 'self'; script-src 'self' 'report-sample'; style-src 'self'; worker-src 'none'; upgrade-insecure-requests; report-uri https://q.stripe.com/csp-violation?q=OHtJNDoOzDEIHstzSg15-YlfUK6PUI-YrC2JbUqb8nJXEBvt8S5e_r_8HZo6A313jlLQA89tAcnuWUHs",
    'idempotency-key': 'stripe-node-retry-9140e631-c9bb-4514-af44-fcffa167b324',
    'original-request': 'req_7JIwMlI40YEWVn',
    'request-id': 'req_7JIwMlI40YEWVn',
    'stripe-version': '2024-06-20',
    vary: 'Origin',
    'x-stripe-priority-routing-enabled': 'true',
    'x-stripe-routing-context-priority-tier': 'api-testmode',
    'x-wc': 'ABGHIJ',
    'strict-transport-security': 'max-age=63072000; includeSubDomains; preload'
  },
  requestId: 'req_7JIwMlI40YEWVn',
  statusCode: 400,
  userMessage: undefined,
  charge: undefined,
  decline_code: undefined,
  payment_intent: undefined,
  payment_method: undefined,
  payment_method_type: undefined,
  setup_intent: undefined,
  source: undefined
}
Error creating fallback subscription ReferenceError: userId is not defined
    at /Users/thomasboutet/real-estate-ai/backend/server.js:251:9
    at process.processTicksAndRejections (node:internal/process/task_queues:105:5)
